Arguments: 
  C:\Program Files\nodejs\node.exe C:\Users\Lilian\AppData\Roaming\npm\node_modules\yarn\bin\yarn.js add -D @babel/core @babel/preset-env @babel/watch

PATH: 
  C:\ProgramData\Oracle\Java\javapath;C:\WINDOWS\system32;C:\WINDOWS;C:\WINDOWS\System32\Wbem;C:\WINDOWS\System32\WindowsPowerShell\v1.0\;C:\Program Files (x86)\QuickTime\QTSystem\;C:\Program Files\PuTTY\;C:\wamp64\bin\php\php5.6.31;C:\WINDOWS\System32\OpenSSH\;C:\ProgramData\ComposerSetup\bin;C:\xampp\mysql\bin;C:\Program Files\Git\cmd;C:\Program Files\Intel\WiFi\bin\;C:\Program Files\Common Files\Intel\WirelessCommon\;C:\Android;C:\Windows\System32;C:\Program Files (x86)\Intel\Intel(R) Management Engine Components\DAL;C:\Program Files\Intel\Intel(R) Management Engine Components\DAL;C:\Program Files\nodejs\;C:\Program Files\MongoDB\Server\4.2\bin;C:\Program Files\Docker\Docker\resources\bin;C:\ProgramData\DockerDesktop\version-bin;C:\Program Files\OpenSSL-Win64\bin;C:\Ruby24-x64\bin;C:\Program Files\Heroku\bin;C:\Users\Lilian\AppData\Local\Microsoft\WindowsApps;C:\gradle-3.3\bin;C:\Users\Lilian;C:\SQLite;C:\Program Files\Java\jdk1.8.0_121\bin;C:\gradle-4.0.1\bin\;C:\Users\Lilian\AppData\Local\Android\sdk\platform-tools;C:\Program Files\MySQL\MySQL Server 5.7\bin;C:\Program Files\MongoDB\Server\3.4\bin;C:\OpenSSL-Win32\bin;C:\apache-maven-3.5.0\bin;C:\Users\Lilian\AppData\Roaming\Composer\vendor\bin;C:\xampp\php;C:\Users\Lilian\AppData\Local\Microsoft\WindowsApps;C:\Program Files\JetBrains\WebStorm 2019.2\bin;;C:\Program Files\PostgreSQL\9.4\bin;C:\Users\Lilian\AppData\Roaming\npm;C:\Program Files\PostgreSQL\12\bin;C:\Users\Lilian\AppData\Local\Programs\Microsoft VS Code\bin

Yarn version: 
  1.21.1

Node version: 
  13.7.0

Platform: 
  win32 x64

Trace: 
  Error: https://registry.yarnpkg.com/@babel%2fwatch: Not found
      at Request.params.callback [as _callback] (C:\Users\Lilian\AppData\Roaming\npm\node_modules\yarn\lib\cli.js:66947:18)
      at Request.self.callback (C:\Users\Lilian\AppData\Roaming\npm\node_modules\yarn\lib\cli.js:140665:22)
      at Request.emit (events.js:321:20)
      at Request.<anonymous> (C:\Users\Lilian\AppData\Roaming\npm\node_modules\yarn\lib\cli.js:141637:10)
      at Request.emit (events.js:321:20)
      at IncomingMessage.<anonymous> (C:\Users\Lilian\AppData\Roaming\npm\node_modules\yarn\lib\cli.js:141559:12)
      at Object.onceWrapper (events.js:427:28)
      at IncomingMessage.emit (events.js:333:22)
      at endReadableNT (_stream_readable.js:1201:12)
      at processTicksAndRejections (internal/process/task_queues.js:84:21)

npm manifest: 
  {
    "name": "graphql-backend",
    "version": "1.0.0",
    "main": "index.js",
    "license": "MIT"
  }

yarn manifest: 
  No manifest

Lockfile: 
  No lockfile
